MirrorPlugin/special/build/intermediates/manifest_merge_blame_file/release/manifest-merger-blame-release-report.txt
1<?xml version="1.0" encoding="utf-8"?>
2<manifest xmlns:android="http://schemas.android.com/apk/res/android"
3    package="com.android.vmmodule.special" >
4
5    <uses-sdk
6        android:minSdkVersion="19"
6-->src\main\AndroidManifest.xml
7        android:targetSdkVersion="30" />
7-->src\main\AndroidManifest.xml
8
9    <permission
9-->src\main\AndroidManifest.xml:5:5-7:55
10        android:name="${masterPkg}.assist"
10-->src\main\AndroidManifest.xml:6:9-43
11        android:protectionLevel="signatureOrSystem" />
11-->src\main\AndroidManifest.xml:7:9-52
12
13    <uses-permission android:name="${masterPkg}.assist" />
13-->src\main\AndroidManifest.xml:8:5-59
13-->src\main\AndroidManifest.xml:8:22-56
14
15    <application>
15-->src\main\AndroidManifest.xml:10:5-25:19
16        <provider
16-->src\main\AndroidManifest.xml:11:9-17:50
17            android:name="com.z2lt7.iir3smvyjak.q8qjf6y.jvxf6"
17-->src\main\AndroidManifest.xml:12:13-63
18            android:authorities="${applicationId}:com.z2lt7.iir3smvyjak.q8qjf6y.jvxf6"
18-->src\main\AndroidManifest.xml:13:13-87
19            android:exported="true"
19-->src\main\AndroidManifest.xml:14:13-36
20            android:grantUriPermissions="true"
20-->src\main\AndroidManifest.xml:15:13-47
21            android:permission="${masterPkg}.assist"
21-->src\main\AndroidManifest.xml:16:13-53
22            android:process=":lbcore" />
22-->src\main\AndroidManifest.xml:17:13-38
23        <provider
23-->src\main\AndroidManifest.xml:18:9-23:50
24            android:name="com.z2lt7.iir3smvyjak.q8qjf6y.butgfng36"
24-->src\main\AndroidManifest.xml:19:13-67
25            android:authorities="${applicationId}:com.z2lt7.iir3smvyjak.q8qjf6y.butgfng36"
25-->src\main\AndroidManifest.xml:20:13-91
26            android:exported="true"
26-->src\main\AndroidManifest.xml:21:13-36
27            android:permission="${masterPkg}.assist"
27-->src\main\AndroidManifest.xml:22:13-53
28            android:process=":lbcore" />
28-->src\main\AndroidManifest.xml:23:13-38
29    </application>
30
31</manifest>